[I 2025-02-11 10:43:39.957 ServerApp] jupyter_lsp | extension was successfully linked.
[I 2025-02-11 10:43:39.959 ServerApp] jupyter_server_mathjax | extension was successfully linked.
[I 2025-02-11 10:43:39.960 ServerApp] jupyter_server_terminals | extension was successfully linked.
[I 2025-02-11 10:43:39.962 ServerApp] jupyterlab | extension was successfully linked.
[I 2025-02-11 10:43:39.962 ServerApp] nbdime | extension was successfully linked.
[I 2025-02-11 10:43:39.964 ServerApp] notebook | extension was successfully linked.
[I 2025-02-11 10:43:40.129 ServerApp] notebook_shim | extension was successfully linked.
[I 2025-02-11 10:43:40.165 ServerApp] notebook_shim | extension was successfully loaded.
[I 2025-02-11 10:43:40.181 ServerApp] jupyter_lsp | extension was successfully loaded.
[I 2025-02-11 10:43:40.181 ServerApp] jupyter_server_mathjax | extension was successfully loaded.
[I 2025-02-11 10:43:40.181 ServerApp] jupyter_server_terminals | extension was successfully loaded.
[I 2025-02-11 10:43:40.185 LabApp] JupyterLab extension loaded from /Users/jacky_li/github/deep_learning/venv/lib/python3.12/site-packages/jupyterlab
[I 2025-02-11 10:43:40.185 LabApp] JupyterLab application directory is /Users/jacky_li/github/deep_learning/venv/share/jupyter/lab
[I 2025-02-11 10:43:40.185 LabApp] Extension Manager is 'pypi'.
[I 2025-02-11 10:43:40.193 ServerApp] jupyterlab | extension was successfully loaded.
[I 2025-02-11 10:43:40.246 ServerApp] nbdime | extension was successfully loaded.
[I 2025-02-11 10:43:40.248 ServerApp] notebook | extension was successfully loaded.
[I 2025-02-11 10:43:40.248 ServerApp] Serving notebooks from local directory: /Users/jacky_li/github/deep_learning
[I 2025-02-11 10:43:40.248 ServerApp] Jupyter Server 2.14.2 is running at:
[I 2025-02-11 10:43:40.248 ServerApp] http://Jackys-MacBook-Pro.local:8888/lab
[I 2025-02-11 10:43:40.248 ServerApp]     http://127.0.0.1:8888/lab
[I 2025-02-11 10:43:40.248 ServerApp] Use Control-C to stop this server and shut down all kernels (twice to skip confirmation).
[I 2025-02-11 10:43:40.406 ServerApp] Skipped non-installed server(s): bash-language-server, dockerfile-language-server-nodejs, javascript-typescript-langserver, jedi-language-server, julia-language-server, pyright, python-language-server, r-languageserver, sql-language-server, texlab, typescript-language-server, unified-language-server, vscode-css-languageserver-bin, vscode-html-languageserver-bin, vscode-json-languageserver-bin, yaml-language-server
[C 2025-02-11 10:43:56.637 ServerApp] received signal 15, stopping
[I 2025-02-11 10:43:56.640 ServerApp] Shutting down 7 extensions
